2022-10-09T22:10:14.940732+0300 SUCCESS Successfully added daemon wifi-cache
2022-10-09T22:10:14.942026+0300 SUCCESS Successfully added daemon telegram-schedule
2022-10-09T22:10:14.942765+0300 SUCCESS Successfully added daemon words-bot
2022-10-09T22:10:14.943482+0300 SUCCESS Successfully added daemon chatbot
2022-10-09T22:10:14.944180+0300 SUCCESS Successfully loaded 4 daemons
2022-10-09T22:10:14.944908+0300 INFO Autostarting daemons
2022-10-09T22:10:14.945635+0300 INFO Deploying telegram-schedule...
2022-10-09T22:10:14.946293+0300 INFO Installing dependancies for telegram-schedule...
2022-10-09T22:10:17.883906+0300 DEBUG Opening telegram-schedule/requirements.txt to get dependencies...
2022-10-09T22:10:17.885738+0300 SUCCESS Daemon dependancies: python-telegram-bot==20.0a2, bs4, requests
2022-10-09T22:10:17.988634+0300 SUCCESS Successfully deployed telegram-schedule with PID 3389
2022-10-09T22:10:17.989881+0300 INFO Deploying words-bot...
2022-10-09T22:10:17.990769+0300 INFO Installing dependancies for words-bot...
2022-10-09T22:10:20.955324+0300 DEBUG Opening Telegram Words/requirements.txt to get dependencies...
2022-10-09T22:10:20.957090+0300 SUCCESS Daemon dependancies: textblob
2022-10-09T22:10:21.049350+0300 SUCCESS Successfully deployed words-bot with PID 3402
2022-10-09T22:10:21.135024+0300 SUCCESS Daemon telegram-schedule still running with PID 3389...
2022-10-09T22:10:21.135797+0300 SUCCESS Daemon words-bot still running with PID 3402...
2022-10-09T22:10:21.136608+0300 DEBUG Daemon wifi-cache still not running...
2022-10-09T22:10:21.137344+0300 DEBUG Daemon chatbot still not running...
2022-10-09T22:30:21.365303+0300 SUCCESS Daemon telegram-schedule still running with PID 3389...
2022-10-09T22:30:21.366026+0300 SUCCESS Daemon words-bot still running with PID 3402...
2022-10-09T22:30:21.366734+0300 DEBUG Daemon wifi-cache still not running...
2022-10-09T22:30:21.367349+0300 DEBUG Daemon chatbot still not running...
2022-10-09T22:50:21.573072+0300 SUCCESS Daemon telegram-schedule still running with PID 3389...
2022-10-09T22:50:21.574042+0300 SUCCESS Daemon words-bot still running with PID 3402...
2022-10-09T22:50:21.574896+0300 DEBUG Daemon wifi-cache still not running...
2022-10-09T22:50:21.575583+0300 DEBUG Daemon chatbot still not running...
2022-10-09T23:10:21.812058+0300 SUCCESS Daemon telegram-schedule still running with PID 3389...
2022-10-09T23:10:21.813077+0300 SUCCESS Daemon words-bot still running with PID 3402...
2022-10-09T23:10:21.813884+0300 DEBUG Daemon wifi-cache still not running...
2022-10-09T23:10:21.814724+0300 DEBUG Daemon chatbot still not running...
2022-10-09T23:30:22.052419+0300 SUCCESS Daemon telegram-schedule still running with PID 3389...
2022-10-09T23:30:22.053615+0300 SUCCESS Daemon words-bot still running with PID 3402...
2022-10-09T23:30:22.054703+0300 DEBUG Daemon wifi-cache still not running...
2022-10-09T23:30:22.055583+0300 DEBUG Daemon chatbot still not running...
2022-10-09T23:50:22.281401+0300 SUCCESS Daemon telegram-schedule still running with PID 3389...
2022-10-09T23:50:22.282446+0300 SUCCESS Daemon words-bot still running with PID 3402...
2022-10-09T23:50:22.283304+0300 DEBUG Daemon wifi-cache still not running...
2022-10-09T23:50:22.284049+0300 DEBUG Daemon chatbot still not running...
2022-10-10T00:10:22.504536+0300 SUCCESS Daemon telegram-schedule still running with PID 3389...
2022-10-10T00:10:22.505602+0300 SUCCESS Daemon words-bot still running with PID 3402...
2022-10-10T00:10:22.506444+0300 DEBUG Daemon wifi-cache still not running...
2022-10-10T00:10:22.507194+0300 DEBUG Daemon chatbot still not running...
2022-10-10T00:30:22.722956+0300 SUCCESS Daemon telegram-schedule still running with PID 3389...
2022-10-10T00:30:22.724583+0300 SUCCESS Daemon words-bot still running with PID 3402...
2022-10-10T00:30:22.725856+0300 DEBUG Daemon wifi-cache still not running...
2022-10-10T00:30:22.727033+0300 DEBUG Daemon chatbot still not running...
2022-10-10T00:50:22.955612+0300 SUCCESS Daemon telegram-schedule still running with PID 3389...
2022-10-10T00:50:22.956887+0300 SUCCESS Daemon words-bot still running with PID 3402...
2022-10-10T00:50:22.957936+0300 DEBUG Daemon wifi-cache still not running...
2022-10-10T00:50:22.958866+0300 DEBUG Daemon chatbot still not running...
2022-10-10T01:10:23.176706+0300 SUCCESS Daemon telegram-schedule still running with PID 3389...
2022-10-10T01:10:23.177676+0300 SUCCESS Daemon words-bot still running with PID 3402...
2022-10-10T01:10:23.178449+0300 DEBUG Daemon wifi-cache still not running...
2022-10-10T01:10:23.179143+0300 DEBUG Daemon chatbot still not running...
2022-10-10T01:30:23.406408+0300 SUCCESS Daemon telegram-schedule still running with PID 3389...
2022-10-10T01:30:23.407628+0300 SUCCESS Daemon words-bot still running with PID 3402...
2022-10-10T01:30:23.408592+0300 DEBUG Daemon wifi-cache still not running...
2022-10-10T01:30:23.409478+0300 DEBUG Daemon chatbot still not running...
2022-10-10T01:50:23.566142+0300 SUCCESS Daemon telegram-schedule still running with PID 3389...
2022-10-10T01:50:23.567277+0300 SUCCESS Daemon words-bot still running with PID 3402...
2022-10-10T01:50:23.568117+0300 DEBUG Daemon wifi-cache still not running...
2022-10-10T01:50:23.568831+0300 DEBUG Daemon chatbot still not running...
2022-10-10T02:10:23.777774+0300 SUCCESS Daemon telegram-schedule still running with PID 3389...
2022-10-10T02:10:23.779179+0300 SUCCESS Daemon words-bot still running with PID 3402...
2022-10-10T02:10:23.780308+0300 DEBUG Daemon wifi-cache still not running...
2022-10-10T02:10:23.781321+0300 DEBUG Daemon chatbot still not running...
2022-10-10T02:30:24.008963+0300 SUCCESS Daemon telegram-schedule still running with PID 3389...
2022-10-10T02:30:24.009934+0300 SUCCESS Daemon words-bot still running with PID 3402...
2022-10-10T02:30:24.010739+0300 DEBUG Daemon wifi-cache still not running...
2022-10-10T02:30:24.011456+0300 DEBUG Daemon chatbot still not running...
2022-10-10T02:50:24.238753+0300 SUCCESS Daemon telegram-schedule still running with PID 3389...
2022-10-10T02:50:24.239727+0300 SUCCESS Daemon words-bot still running with PID 3402...
2022-10-10T02:50:24.240540+0300 DEBUG Daemon wifi-cache still not running...
2022-10-10T02:50:24.241265+0300 DEBUG Daemon chatbot still not running...
2022-10-10T03:10:24.456844+0300 SUCCESS Daemon telegram-schedule still running with PID 3389...
2022-10-10T03:10:24.457883+0300 SUCCESS Daemon words-bot still running with PID 3402...
2022-10-10T03:10:24.458728+0300 DEBUG Daemon wifi-cache still not running...
2022-10-10T03:10:24.459474+0300 DEBUG Daemon chatbot still not running...
2022-10-10T03:30:24.686859+0300 SUCCESS Daemon telegram-schedule still running with PID 3389...
2022-10-10T03:30:24.687820+0300 SUCCESS Daemon words-bot still running with PID 3402...
2022-10-10T03:30:24.688595+0300 DEBUG Daemon wifi-cache still not running...
2022-10-10T03:30:24.689291+0300 DEBUG Daemon chatbot still not running...
2022-10-10T03:50:24.913487+0300 SUCCESS Daemon telegram-schedule still running with PID 3389...
2022-10-10T03:50:24.914493+0300 SUCCESS Daemon words-bot still running with PID 3402...
2022-10-10T03:50:24.915140+0300 DEBUG Daemon wifi-cache still not running...
2022-10-10T03:50:24.915684+0300 DEBUG Daemon chatbot still not running...
2022-10-10T04:10:25.142558+0300 SUCCESS Daemon telegram-schedule still running with PID 3389...
2022-10-10T04:10:25.143587+0300 SUCCESS Daemon words-bot still running with PID 3402...
2022-10-10T04:10:25.144307+0300 DEBUG Daemon wifi-cache still not running...
2022-10-10T04:10:25.144897+0300 DEBUG Daemon chatbot still not running...
2022-10-10T04:30:25.304886+0300 SUCCESS Daemon telegram-schedule still running with PID 3389...
2022-10-10T04:30:25.306476+0300 SUCCESS Daemon words-bot still running with PID 3402...
2022-10-10T04:30:25.307185+0300 DEBUG Daemon wifi-cache still not running...
2022-10-10T04:30:25.307729+0300 DEBUG Daemon chatbot still not running...
2022-10-10T04:50:25.441974+0300 SUCCESS Daemon telegram-schedule still running with PID 3389...
2022-10-10T04:50:25.442927+0300 SUCCESS Daemon words-bot still running with PID 3402...
2022-10-10T04:50:25.443563+0300 DEBUG Daemon wifi-cache still not running...
2022-10-10T04:50:25.444286+0300 DEBUG Daemon chatbot still not running...
2022-10-10T05:10:25.625420+0300 SUCCESS Daemon telegram-schedule still running with PID 3389...
2022-10-10T05:10:25.626011+0300 SUCCESS Daemon words-bot still running with PID 3402...
2022-10-10T05:10:25.626504+0300 DEBUG Daemon wifi-cache still not running...
2022-10-10T05:10:25.626919+0300 DEBUG Daemon chatbot still not running...
2022-10-10T05:30:25.785695+0300 SUCCESS Daemon telegram-schedule still running with PID 3389...
2022-10-10T05:30:25.786288+0300 SUCCESS Daemon words-bot still running with PID 3402...
2022-10-10T05:30:25.786790+0300 DEBUG Daemon wifi-cache still not running...
2022-10-10T05:30:25.787214+0300 DEBUG Daemon chatbot still not running...
2022-10-10T05:50:25.931511+0300 SUCCESS Daemon telegram-schedule still running with PID 3389...
2022-10-10T05:50:25.932313+0300 SUCCESS Daemon words-bot still running with PID 3402...
2022-10-10T05:50:25.932993+0300 DEBUG Daemon wifi-cache still not running...
2022-10-10T05:50:25.933576+0300 DEBUG Daemon chatbot still not running...
2022-10-10T06:10:26.105306+0300 SUCCESS Daemon telegram-schedule still running with PID 3389...
2022-10-10T06:10:26.105903+0300 SUCCESS Daemon words-bot still running with PID 3402...
2022-10-10T06:10:26.106399+0300 DEBUG Daemon wifi-cache still not running...
2022-10-10T06:10:26.106816+0300 DEBUG Daemon chatbot still not running...
2022-10-10T06:30:26.306213+0300 SUCCESS Daemon telegram-schedule still running with PID 3389...
2022-10-10T06:30:26.307009+0300 SUCCESS Daemon words-bot still running with PID 3402...
2022-10-10T06:30:26.307685+0300 DEBUG Daemon wifi-cache still not running...
2022-10-10T06:30:26.308278+0300 DEBUG Daemon chatbot still not running...
2022-10-10T06:50:26.533278+0300 SUCCESS Daemon telegram-schedule still running with PID 3389...
2022-10-10T06:50:26.533880+0300 SUCCESS Daemon words-bot still running with PID 3402...
2022-10-10T06:50:26.534430+0300 DEBUG Daemon wifi-cache still not running...
2022-10-10T06:50:26.534860+0300 DEBUG Daemon chatbot still not running...
2022-10-10T07:10:26.743764+0300 SUCCESS Daemon telegram-schedule still running with PID 3389...
2022-10-10T07:10:26.744396+0300 SUCCESS Daemon words-bot still running with PID 3402...
2022-10-10T07:10:26.744895+0300 DEBUG Daemon wifi-cache still not running...
2022-10-10T07:10:26.745309+0300 DEBUG Daemon chatbot still not running...
2022-10-10T07:30:26.951189+0300 SUCCESS Daemon telegram-schedule still running with PID 3389...
2022-10-10T07:30:26.951986+0300 SUCCESS Daemon words-bot still running with PID 3402...
2022-10-10T07:30:26.952664+0300 DEBUG Daemon wifi-cache still not running...
2022-10-10T07:30:26.953247+0300 DEBUG Daemon chatbot still not running...
2022-10-10T07:50:27.175971+0300 SUCCESS Daemon telegram-schedule still running with PID 3389...
2022-10-10T07:50:27.176568+0300 SUCCESS Daemon words-bot still running with PID 3402...
2022-10-10T07:50:27.177060+0300 DEBUG Daemon wifi-cache still not running...
2022-10-10T07:50:27.177470+0300 DEBUG Daemon chatbot still not running...
2022-10-10T08:10:27.373925+0300 SUCCESS Daemon telegram-schedule still running with PID 3389...
2022-10-10T08:10:27.374592+0300 SUCCESS Daemon words-bot still running with PID 3402...
2022-10-10T08:10:27.375086+0300 DEBUG Daemon wifi-cache still not running...
2022-10-10T08:10:27.375497+0300 DEBUG Daemon chatbot still not running...
2022-10-10T08:30:27.602250+0300 SUCCESS Daemon telegram-schedule still running with PID 3389...
2022-10-10T08:30:27.602887+0300 SUCCESS Daemon words-bot still running with PID 3402...
2022-10-10T08:30:27.603421+0300 DEBUG Daemon wifi-cache still not running...
2022-10-10T08:30:27.603874+0300 DEBUG Daemon chatbot still not running...
2022-10-10T08:50:27.832147+0300 SUCCESS Daemon telegram-schedule still running with PID 3389...
2022-10-10T08:50:27.832784+0300 SUCCESS Daemon words-bot still running with PID 3402...
2022-10-10T08:50:27.833316+0300 DEBUG Daemon wifi-cache still not running...
2022-10-10T08:50:27.833769+0300 DEBUG Daemon chatbot still not running...
2022-10-10T09:10:28.043684+0300 SUCCESS Daemon telegram-schedule still running with PID 3389...
2022-10-10T09:10:28.044320+0300 SUCCESS Daemon words-bot still running with PID 3402...
2022-10-10T09:10:28.044836+0300 DEBUG Daemon wifi-cache still not running...
2022-10-10T09:10:28.045263+0300 DEBUG Daemon chatbot still not running...
2022-10-10T09:30:28.260348+0300 SUCCESS Daemon telegram-schedule still running with PID 3389...
2022-10-10T09:30:28.260943+0300 SUCCESS Daemon words-bot still running with PID 3402...
2022-10-10T09:30:28.261439+0300 DEBUG Daemon wifi-cache still not running...
2022-10-10T09:30:28.261856+0300 DEBUG Daemon chatbot still not running...
2022-10-10T09:50:28.485498+0300 SUCCESS Daemon telegram-schedule still running with PID 3389...
2022-10-10T09:50:28.486108+0300 SUCCESS Daemon words-bot still running with PID 3402...
2022-10-10T09:50:28.486596+0300 DEBUG Daemon wifi-cache still not running...
2022-10-10T09:50:28.487008+0300 DEBUG Daemon chatbot still not running...
2022-10-10T10:10:28.717181+0300 SUCCESS Daemon telegram-schedule still running with PID 3389...
2022-10-10T10:10:28.717892+0300 SUCCESS Daemon words-bot still running with PID 3402...
2022-10-10T10:10:28.718632+0300 DEBUG Daemon wifi-cache still not running...
2022-10-10T10:10:28.719307+0300 DEBUG Daemon chatbot still not running...
2022-10-10T10:30:28.891420+0300 SUCCESS Daemon telegram-schedule still running with PID 3389...
2022-10-10T10:30:28.892044+0300 SUCCESS Daemon words-bot still running with PID 3402...
2022-10-10T10:30:28.892832+0300 DEBUG Daemon wifi-cache still not running...
2022-10-10T10:30:28.893453+0300 DEBUG Daemon chatbot still not running...
2022-10-10T10:50:29.111633+0300 SUCCESS Daemon telegram-schedule still running with PID 3389...
2022-10-10T10:50:29.112251+0300 SUCCESS Daemon words-bot still running with PID 3402...
2022-10-10T10:50:29.112927+0300 DEBUG Daemon wifi-cache still not running...
2022-10-10T10:50:29.113585+0300 DEBUG Daemon chatbot still not running...
2022-10-10T11:10:29.344779+0300 SUCCESS Daemon telegram-schedule still running with PID 3389...
2022-10-10T11:10:29.345391+0300 SUCCESS Daemon words-bot still running with PID 3402...
2022-10-10T11:10:29.345937+0300 DEBUG Daemon wifi-cache still not running...
2022-10-10T11:10:29.346415+0300 DEBUG Daemon chatbot still not running...
2022-10-10T11:30:29.578107+0300 SUCCESS Daemon telegram-schedule still running with PID 3389...
2022-10-10T11:30:29.578704+0300 SUCCESS Daemon words-bot still running with PID 3402...
2022-10-10T11:30:29.579218+0300 DEBUG Daemon wifi-cache still not running...
2022-10-10T11:30:29.579698+0300 DEBUG Daemon chatbot still not running...
2022-10-10T11:50:29.750059+0300 SUCCESS Daemon telegram-schedule still running with PID 3389...
2022-10-10T11:50:29.750701+0300 SUCCESS Daemon words-bot still running with PID 3402...
2022-10-10T11:50:29.751241+0300 DEBUG Daemon wifi-cache still not running...
2022-10-10T11:50:29.751714+0300 DEBUG Daemon chatbot still not running...
2022-10-10T18:45:32.740609+0300 SUCCESS Successfully added daemon wifi-cache
2022-10-10T18:45:32.744283+0300 SUCCESS Successfully added daemon telegram-schedule
2022-10-10T18:45:32.744843+0300 SUCCESS Successfully added daemon words-bot
2022-10-10T18:45:32.745313+0300 SUCCESS Successfully added daemon chatbot
2022-10-10T18:45:32.745742+0300 SUCCESS Successfully loaded 4 daemons
2022-10-10T18:45:32.746154+0300 INFO Autostarting daemons
2022-10-10T18:45:32.746590+0300 INFO Deploying telegram-schedule...
2022-10-10T18:45:32.747013+0300 INFO Installing dependancies for telegram-schedule...
2022-10-10T18:45:39.931409+0300 DEBUG Opening telegram-schedule/requirements.txt to get dependencies...
2022-10-10T18:45:39.934864+0300 SUCCESS Daemon dependancies: python-telegram-bot==20.0a2, bs4, requests
2022-10-10T18:45:40.118163+0300 SUCCESS Successfully deployed telegram-schedule with PID 1162
2022-10-10T18:45:40.120528+0300 INFO Deploying words-bot...
2022-10-10T18:45:40.121749+0300 INFO Installing dependancies for words-bot...
2022-10-10T18:41:59.568157+0300 SUCCESS Successfully added daemon wifi-cache
2022-10-10T18:41:59.571834+0300 SUCCESS Successfully added daemon telegram-schedule
2022-10-10T18:41:59.572402+0300 SUCCESS Successfully added daemon words-bot
2022-10-10T18:41:59.572874+0300 SUCCESS Successfully added daemon chatbot
2022-10-10T18:41:59.573312+0300 SUCCESS Successfully loaded 4 daemons
2022-10-10T18:41:59.573731+0300 INFO Autostarting daemons
2022-10-10T18:41:59.574177+0300 INFO Deploying telegram-schedule...
2022-10-10T18:41:59.574574+0300 INFO Installing dependancies for telegram-schedule...
2022-10-10T18:46:38.396405+0300 DEBUG Opening telegram-schedule/requirements.txt to get dependencies...
2022-10-10T18:46:38.398017+0300 SUCCESS Daemon dependancies: python-telegram-bot==20.0a2, bs4, requests
2022-10-10T18:46:38.481438+0300 SUCCESS Successfully deployed telegram-schedule with PID 1152
2022-10-10T18:46:38.482534+0300 INFO Deploying words-bot...
2022-10-10T18:46:38.483120+0300 INFO Installing dependancies for words-bot...
2022-10-10T18:46:41.473529+0300 DEBUG Opening Telegram Words/requirements.txt to get dependencies...
2022-10-10T18:46:41.475108+0300 SUCCESS Daemon dependancies: textblob
2022-10-10T18:46:41.562357+0300 SUCCESS Successfully deployed words-bot with PID 1171
2022-10-10T18:46:41.640236+0300 SUCCESS Daemon telegram-schedule still running with PID 1152...
2022-10-10T18:46:41.641249+0300 SUCCESS Daemon words-bot still running with PID 1171...
2022-10-10T18:46:41.641871+0300 DEBUG Daemon wifi-cache still not running...
2022-10-10T18:46:41.642397+0300 DEBUG Daemon chatbot still not running...
2022-10-10T19:06:41.815581+0300 SUCCESS Daemon telegram-schedule still running with PID 1152...
2022-10-10T19:06:41.816168+0300 SUCCESS Daemon words-bot still running with PID 1171...
2022-10-10T19:06:41.816640+0300 DEBUG Daemon wifi-cache still not running...
2022-10-10T19:06:41.817041+0300 DEBUG Daemon chatbot still not running...
2022-10-10T19:26:41.980620+0300 SUCCESS Daemon telegram-schedule still running with PID 1152...
2022-10-10T19:26:41.981213+0300 SUCCESS Daemon words-bot still running with PID 1171...
2022-10-10T19:26:41.981704+0300 DEBUG Daemon wifi-cache still not running...
2022-10-10T19:26:41.982106+0300 DEBUG Daemon chatbot still not running...
2022-10-10T19:46:42.134949+0300 SUCCESS Daemon telegram-schedule still running with PID 1152...
2022-10-10T19:46:42.135548+0300 SUCCESS Daemon words-bot still running with PID 1171...
2022-10-10T19:46:42.136040+0300 DEBUG Daemon wifi-cache still not running...
2022-10-10T19:46:42.136446+0300 DEBUG Daemon chatbot still not running...
2022-10-10T20:06:42.300613+0300 SUCCESS Daemon telegram-schedule still running with PID 1152...
2022-10-10T20:06:42.301203+0300 SUCCESS Daemon words-bot still running with PID 1171...
2022-10-10T20:06:42.301682+0300 DEBUG Daemon wifi-cache still not running...
2022-10-10T20:06:42.302087+0300 DEBUG Daemon chatbot still not running...
2022-10-10T20:26:42.460849+0300 SUCCESS Daemon telegram-schedule still running with PID 1152...
2022-10-10T20:26:42.461847+0300 SUCCESS Daemon words-bot still running with PID 1171...
2022-10-10T20:26:42.462666+0300 DEBUG Daemon wifi-cache still not running...
2022-10-10T20:26:42.463160+0300 DEBUG Daemon chatbot still not running...
2022-10-10T20:46:42.620919+0300 SUCCESS Daemon telegram-schedule still running with PID 1152...
2022-10-10T20:46:42.624735+0300 SUCCESS Daemon words-bot still running with PID 1171...
2022-10-10T20:46:42.625278+0300 DEBUG Daemon wifi-cache still not running...
2022-10-10T20:46:42.625746+0300 DEBUG Daemon chatbot still not running...
2022-10-10T21:06:42.766068+0300 SUCCESS Daemon telegram-schedule still running with PID 1152...
2022-10-10T21:06:42.766923+0300 SUCCESS Daemon words-bot still running with PID 1171...
2022-10-10T21:06:42.767646+0300 DEBUG Daemon wifi-cache still not running...
2022-10-10T21:06:42.768271+0300 DEBUG Daemon chatbot still not running...
2022-10-10T21:26:42.940208+0300 SUCCESS Daemon telegram-schedule still running with PID 1152...
2022-10-10T21:26:42.940897+0300 SUCCESS Daemon words-bot still running with PID 1171...
2022-10-10T21:26:42.941420+0300 DEBUG Daemon wifi-cache still not running...
2022-10-10T21:26:42.941833+0300 DEBUG Daemon chatbot still not running...
2022-10-10T21:46:43.100977+0300 SUCCESS Daemon telegram-schedule still running with PID 1152...
2022-10-10T21:46:43.104785+0300 SUCCESS Daemon words-bot still running with PID 1171...
2022-10-10T21:46:43.105332+0300 DEBUG Daemon wifi-cache still not running...
2022-10-10T21:46:43.105794+0300 DEBUG Daemon chatbot still not running...
2022-10-10T22:06:43.261382+0300 SUCCESS Daemon telegram-schedule still running with PID 1152...
2022-10-10T22:06:43.262014+0300 SUCCESS Daemon words-bot still running with PID 1171...
2022-10-10T22:06:43.262538+0300 DEBUG Daemon wifi-cache still not running...
2022-10-10T22:06:43.262977+0300 DEBUG Daemon chatbot still not running...
2022-10-10T22:26:43.420610+0300 SUCCESS Daemon telegram-schedule still running with PID 1152...
2022-10-10T22:26:43.421196+0300 SUCCESS Daemon words-bot still running with PID 1171...
2022-10-10T22:26:43.421670+0300 DEBUG Daemon wifi-cache still not running...
2022-10-10T22:26:43.422065+0300 DEBUG Daemon chatbot still not running...
2022-10-10T22:46:43.581173+0300 SUCCESS Daemon telegram-schedule still running with PID 1152...
2022-10-10T22:46:43.581764+0300 SUCCESS Daemon words-bot still running with PID 1171...
2022-10-10T22:46:43.582243+0300 DEBUG Daemon wifi-cache still not running...
2022-10-10T22:46:43.582642+0300 DEBUG Daemon chatbot still not running...
2022-10-10T23:06:43.740537+0300 SUCCESS Daemon telegram-schedule still running with PID 1152...
2022-10-10T23:06:43.741130+0300 SUCCESS Daemon words-bot still running with PID 1171...
2022-10-10T23:06:43.741760+0300 DEBUG Daemon wifi-cache still not running...
2022-10-10T23:06:43.742182+0300 DEBUG Daemon chatbot still not running...
2022-10-10T23:26:43.900616+0300 SUCCESS Daemon telegram-schedule still running with PID 1152...
2022-10-10T23:26:43.901200+0300 SUCCESS Daemon words-bot still running with PID 1171...
2022-10-10T23:26:43.901677+0300 DEBUG Daemon wifi-cache still not running...
2022-10-10T23:26:43.902086+0300 DEBUG Daemon chatbot still not running...
2022-10-10T23:46:44.060395+0300 SUCCESS Daemon telegram-schedule still running with PID 1152...
2022-10-10T23:46:44.060983+0300 SUCCESS Daemon words-bot still running with PID 1171...
2022-10-10T23:46:44.061454+0300 DEBUG Daemon wifi-cache still not running...
2022-10-10T23:46:44.061856+0300 DEBUG Daemon chatbot still not running...
2022-10-11T00:06:44.220796+0300 SUCCESS Daemon telegram-schedule still running with PID 1152...
2022-10-11T00:06:44.221386+0300 SUCCESS Daemon words-bot still running with PID 1171...
2022-10-11T00:06:44.221862+0300 DEBUG Daemon wifi-cache still not running...
2022-10-11T00:06:44.222255+0300 DEBUG Daemon chatbot still not running...
2022-10-11T00:26:44.379915+0300 SUCCESS Daemon telegram-schedule still running with PID 1152...
2022-10-11T00:26:44.380547+0300 SUCCESS Daemon words-bot still running with PID 1171...
2022-10-11T00:26:44.381041+0300 DEBUG Daemon wifi-cache still not running...
2022-10-11T00:26:44.381456+0300 DEBUG Daemon chatbot still not running...
2022-10-11T00:46:44.541618+0300 SUCCESS Daemon telegram-schedule still running with PID 1152...
2022-10-11T00:46:44.542608+0300 SUCCESS Daemon words-bot still running with PID 1171...
2022-10-11T00:46:44.543479+0300 DEBUG Daemon wifi-cache still not running...
2022-10-11T00:46:44.544250+0300 DEBUG Daemon chatbot still not running...
2022-10-11T01:06:44.701304+0300 SUCCESS Daemon telegram-schedule still running with PID 1152...
2022-10-11T01:06:44.702296+0300 SUCCESS Daemon words-bot still running with PID 1171...
2022-10-11T01:06:44.702944+0300 DEBUG Daemon wifi-cache still not running...
2022-10-11T01:06:44.703389+0300 DEBUG Daemon chatbot still not running...
2022-10-11T01:26:44.860083+0300 SUCCESS Daemon telegram-schedule still running with PID 1152...
2022-10-11T01:26:44.860776+0300 SUCCESS Daemon words-bot still running with PID 1171...
2022-10-11T01:26:44.861264+0300 DEBUG Daemon wifi-cache still not running...
2022-10-11T01:26:44.861691+0300 DEBUG Daemon chatbot still not running...
